GNU gdb (GDB) 12.1
Copyright (C) 2022 Free Software Foundation, Inc.
License GPLv3+: GNU GPL version 3 or later <http://gnu.org/licenses/gpl.html>
This is free software: you are free to change and redistribute it.
There is NO WARRANTY, to the extent permitted by law.
Type "show copying" and "show warranty" for details.
This GDB was configured as "x86_64-pc-linux-gnu".
Type "show configuration" for configuration details.
For bug reporting instructions, please see:
<https://www.gnu.org/software/gdb/bugs/>.
Find the GDB manual and other documentation resources online at:
    <http://www.gnu.org/software/gdb/documentation/>.

For help, type "help".
Type "apropos word" to search for commands related to "word".
[New LWP 8941]
[New LWP 8942]
[New LWP 8943]
[New LWP 8949]
[New LWP 8950]
[New LWP 8951]
[New LWP 8952]
[New LWP 8953]
[New LWP 8954]
[New LWP 8955]

This GDB supports auto-downloading debuginfo from the following URLs:
https://debuginfod.archlinux.org 
Enable debuginfod for this session? (y or [n]) [answered N; input not from terminal]
Debuginfod has been disabled.
To make this setting permanent, add 'set debuginfod enabled off' to .gdbinit.
[Thread debugging using libthread_db enabled]
Using host libthread_db library "/usr/lib/libthread_db.so.1".
0x00007ff91b0eb097 in wait4 () from /usr/lib/libc.so.6

Stack backtrace
---------------
No symbol table info available.
#1  0x00007ff9156fb157 in ?? ()
   from /usr/lib/python3.10/site-packages/cysignals/signals.cpython-310-x86_64-linux-gnu.so
No symbol table info available.
#2  0x00007ff9156fb2ea in ?? ()
   from /usr/lib/python3.10/site-packages/cysignals/signals.cpython-310-x86_64-linux-gnu.so
No symbol table info available.
#3  0x00007ff9156fdf1d in ?? ()
   from /usr/lib/python3.10/site-packages/cysignals/signals.cpython-310-x86_64-linux-gnu.so
No symbol table info available.
#4  <signal handler called>
No symbol table info available.
#5  0x00007ff8bdda1033 in GiNaC::function::print(GiNaC::print_context const&, unsigned int) const ()
   from /usr/lib/python3.10/site-packages/sage/symbolic/expression.cpython-310-x86_64-linux-gnu.so
No symbol table info available.
#6  0x00007ff8bde102f7 in GiNaC::mul::print_exvector(std::vector<GiNaC::ex, std::allocator<GiNaC::ex> > const&, GiNaC::print_context const&, char const*) const
    ()
   from /usr/lib/python3.10/site-packages/sage/symbolic/expression.cpython-310-x86_64-linux-gnu.so
No symbol table info available.
#7  0x00007ff8bde16500 in GiNaC::mul::do_print_rat_func(GiNaC::print_context const&, unsigned int, bool) const ()
   from /usr/lib/python3.10/site-packages/sage/symbolic/expression.cpython-310-x86_64-linux-gnu.so
No symbol table info available.
#8  0x00007ff8bdd7815e in GiNaC::add::print_add(GiNaC::print_context const&, unsigned int, bool) const ()
   from /usr/lib/python3.10/site-packages/sage/symbolic/expression.cpython-310-x86_64-linux-gnu.so
No symbol table info available.
#9  0x00007ff8bde3b393 in GiNaC::operator<<(std::ostream&, GiNaC::ex const&) ()
   from /usr/lib/python3.10/site-packages/sage/symbolic/expression.cpython-310-x86_64-linux-gnu.so
No symbol table info available.
#10 0x00007ff8bdd72253 in ?? ()
   from /usr/lib/python3.10/site-packages/sage/symbolic/expression.cpython-310-x86_64-linux-gnu.so
No symbol table info available.
#11 0x00007ff8bdd4b461 in ?? ()
   from /usr/lib/python3.10/site-packages/sage/symbolic/expression.cpython-310-x86_64-linux-gnu.so
No symbol table info available.
#12 0x00007ff8bdff3a13 in ?? ()
   from /usr/lib/python3.10/site-packages/sage/symbolic/ring.cpython-310-x86_64-linux-gnu.so
No symbol table info available.
#13 0x00007ff8bdd6d3de in ?? ()
   from /usr/lib/python3.10/site-packages/sage/symbolic/expression.cpython-310-x86_64-linux-gnu.so
No symbol table info available.
#14 0x00007ff8bdcc15be in ?? ()
   from /usr/lib/python3.10/site-packages/sage/symbolic/expression.cpython-310-x86_64-linux-gnu.so
No symbol table info available.
#15 0x00007ff91558e057 in ?? ()
   from /usr/lib/python3.10/site-packages/sage/structure/sage_object.cpython-310-x86_64-linux-gnu.so
No symbol table info available.
#16 0x00007ff91558750d in ?? ()
   from /usr/lib/python3.10/site-packages/sage/structure/sage_object.cpython-310-x86_64-linux-gnu.so
No symbol table info available.
#17 0x00007ff91b364e15 in PyObject_Repr () from /usr/lib/libpython3.10.so.1.0
No symbol table info available.
#18 0x00007ff9057282a5 in ?? ()
   from /usr/lib/python3.10/site-packages/sage/modules/free_module_element.cpython-310-x86_64-linux-gnu.so
No symbol table info available.
#19 0x00007ff91558e057 in ?? ()
   from /usr/lib/python3.10/site-packages/sage/structure/sage_object.cpython-310-x86_64-linux-gnu.so
No symbol table info available.
#20 0x00007ff91558750d in ?? ()
   from /usr/lib/python3.10/site-packages/sage/structure/sage_object.cpython-310-x86_64-linux-gnu.so
No symbol table info available.
#21 0x00007ff91b364e15 in PyObject_Repr () from /usr/lib/libpython3.10.so.1.0
No symbol table info available.
#22 0x00007ff91b3be92c in ?? () from /usr/lib/libpython3.10.so.1.0
No symbol table info available.
#23 0x00007ff91b36b504 in PyObject_Str () from /usr/lib/libpython3.10.so.1.0
No symbol table info available.
#24 0x00007ff91b29aead in ?? () from /usr/lib/libpython3.10.so.1.0
No symbol table info available.
#25 0x00007ff91b34af17 in _PyEval_EvalFrameDefault ()
   from /usr/lib/libpython3.10.so.1.0
No symbol table info available.
#26 0x00007ff919dc03bb in ?? ()
   from /usr/share/pycharm/plugins/python-ce/helpers/pydev/_pydevd_frame_eval_ext/pydevd_frame_evaluator.cpython-310-x86_64-linux-gnu.so
No symbol table info available.
#27 0x00007ff91b3562d9 in _PyFunction_Vectorcall ()
   from /usr/lib/libpython3.10.so.1.0
No symbol table info available.
#28 0x00007ff91b3454d6 in _PyEval_EvalFrameDefault ()
   from /usr/lib/libpython3.10.so.1.0
No symbol table info available.
#29 0x00007ff919dc03bb in ?? ()
   from /usr/share/pycharm/plugins/python-ce/helpers/pydev/_pydevd_frame_eval_ext/pydevd_frame_evaluator.cpython-310-x86_64-linux-gnu.so
No symbol table info available.
#30 0x00007ff91b3562d9 in _PyFunction_Vectorcall ()
   from /usr/lib/libpython3.10.so.1.0
No symbol table info available.
#31 0x00007ff91b346618 in _PyEval_EvalFrameDefault ()
   from /usr/lib/libpython3.10.so.1.0
No symbol table info available.
#32 0x00007ff919dc03bb in ?? ()
   from /usr/share/pycharm/plugins/python-ce/helpers/pydev/_pydevd_frame_eval_ext/pydevd_frame_evaluator.cpython-310-x86_64-linux-gnu.so
No symbol table info available.
#33 0x00007ff91b3562d9 in _PyFunction_Vectorcall ()
   from /usr/lib/libpython3.10.so.1.0
No symbol table info available.
#34 0x00007ff91b34590a in _PyEval_EvalFrameDefault ()
   from /usr/lib/libpython3.10.so.1.0
No symbol table info available.
#35 0x00007ff919dc03bb in ?? ()
   from /usr/share/pycharm/plugins/python-ce/helpers/pydev/_pydevd_frame_eval_ext/pydevd_frame_evaluator.cpython-310-x86_64-linux-gnu.so
No symbol table info available.
#36 0x00007ff91b3562d9 in _PyFunction_Vectorcall ()
   from /usr/lib/libpython3.10.so.1.0
No symbol table info available.
#37 0x00007ff91b34590a in _PyEval_EvalFrameDefault ()
   from /usr/lib/libpython3.10.so.1.0
No symbol table info available.
#38 0x00007ff919dc03bb in ?? ()
   from /usr/share/pycharm/plugins/python-ce/helpers/pydev/_pydevd_frame_eval_ext/pydevd_frame_evaluator.cpython-310-x86_64-linux-gnu.so
No symbol table info available.
#39 0x00007ff91b3562d9 in _PyFunction_Vectorcall ()
   from /usr/lib/libpython3.10.so.1.0
No symbol table info available.
#40 0x00007ff91b34590a in _PyEval_EvalFrameDefault ()
   from /usr/lib/libpython3.10.so.1.0
No symbol table info available.
#41 0x00007ff919dc03bb in ?? ()
   from /usr/share/pycharm/plugins/python-ce/helpers/pydev/_pydevd_frame_eval_ext/pydevd_frame_evaluator.cpython-310-x86_64-linux-gnu.so
No symbol table info available.
#42 0x00007ff91b361446 in ?? () from /usr/lib/libpython3.10.so.1.0
No symbol table info available.
#43 0x00007ff91b346618 in _PyEval_EvalFrameDefault ()
   from /usr/lib/libpython3.10.so.1.0
No symbol table info available.
#44 0x00007ff919dc03bb in ?? ()
   from /usr/share/pycharm/plugins/python-ce/helpers/pydev/_pydevd_frame_eval_ext/pydevd_frame_evaluator.cpython-310-x86_64-linux-gnu.so
No symbol table info available.
#45 0x00007ff91b3562d9 in _PyFunction_Vectorcall ()
   from /usr/lib/libpython3.10.so.1.0
No symbol table info available.
#46 0x00007ff91b34590a in _PyEval_EvalFrameDefault ()
   from /usr/lib/libpython3.10.so.1.0
No symbol table info available.
#47 0x00007ff919dc03bb in ?? ()
   from /usr/share/pycharm/plugins/python-ce/helpers/pydev/_pydevd_frame_eval_ext/pydevd_frame_evaluator.cpython-310-x86_64-linux-gnu.so
No symbol table info available.
#48 0x00007ff91b3562d9 in _PyFunction_Vectorcall ()
   from /usr/lib/libpython3.10.so.1.0
No symbol table info available.
#49 0x00007ff918570788 in ?? ()
   from /usr/share/pycharm/plugins/python-ce/helpers/pydev/_pydevd_bundle_ext/pydevd_cython.cpython-310-x86_64-linux-gnu.so
No symbol table info available.
#50 0x00007ff91b355e21 in ?? () from /usr/lib/libpython3.10.so.1.0
No symbol table info available.
#51 0x00007ff91856a98d in ?? ()
   from /usr/share/pycharm/plugins/python-ce/helpers/pydev/_pydevd_bundle_ext/pydevd_cython.cpython-310-x86_64-linux-gnu.so
No symbol table info available.
#52 0x00007ff91b34f4eb in _PyObject_MakeTpCall ()
   from /usr/lib/libpython3.10.so.1.0
No symbol table info available.
#53 0x00007ff91b47d0be in ?? () from /usr/lib/libpython3.10.so.1.0
No symbol table info available.
#54 0x00007ff91b46f5b9 in ?? () from /usr/lib/libpython3.10.so.1.0
No symbol table info available.
#55 0x00007ff91b30e770 in ?? () from /usr/lib/libpython3.10.so.1.0
No symbol table info available.
#56 0x00007ff91b26a21e in ?? () from /usr/lib/libpython3.10.so.1.0
No symbol table info available.
#57 0x00007ff919dc03bb in ?? ()
   from /usr/share/pycharm/plugins/python-ce/helpers/pydev/_pydevd_frame_eval_ext/pydevd_frame_evaluator.cpython-310-x86_64-linux-gnu.so
No symbol table info available.
#58 0x00007ff91b3562d9 in _PyFunction_Vectorcall ()
   from /usr/lib/libpython3.10.so.1.0
No symbol table info available.
#59 0x00007ff91b3f0232 in ?? () from /usr/lib/libpython3.10.so.1.0
No symbol table info available.
#60 0x00007ff91b34bdb4 in _PyEval_EvalFrameDefault ()
   from /usr/lib/libpython3.10.so.1.0
No symbol table info available.
#61 0x00007ff91b3562d9 in _PyFunction_Vectorcall ()
   from /usr/lib/libpython3.10.so.1.0
No symbol table info available.
#62 0x00007ff91b34590a in _PyEval_EvalFrameDefault ()
   from /usr/lib/libpython3.10.so.1.0
No symbol table info available.
#63 0x00007ff91b3562d9 in _PyFunction_Vectorcall ()
   from /usr/lib/libpython3.10.so.1.0
No symbol table info available.
#64 0x00007ff91b3454d6 in _PyEval_EvalFrameDefault ()
   from /usr/lib/libpython3.10.so.1.0
No symbol table info available.
#65 0x00007ff91b344120 in ?? () from /usr/lib/libpython3.10.so.1.0
No symbol table info available.
#66 0x00007ff91b3f1b94 in PyEval_EvalCode () from /usr/lib/libpython3.10.so.1.0
No symbol table info available.
#67 0x00007ff91b402323 in ?? () from /usr/lib/libpython3.10.so.1.0
No symbol table info available.
#68 0x00007ff91b3fda8a in ?? () from /usr/lib/libpython3.10.so.1.0
No symbol table info available.
#69 0x00007ff91b2a1979 in ?? () from /usr/lib/libpython3.10.so.1.0
No symbol table info available.
#70 0x00007ff91b2a162a in _PyRun_SimpleFileObject ()
   from /usr/lib/libpython3.10.so.1.0
No symbol table info available.
#71 0x00007ff91b2a1fdd in _PyRun_AnyFileObject ()
   from /usr/lib/libpython3.10.so.1.0
No symbol table info available.
#72 0x00007ff91b40eb0d in Py_RunMain () from /usr/lib/libpython3.10.so.1.0
No symbol table info available.
#73 0x00007ff91b3e336b in Py_BytesMain () from /usr/lib/libpython3.10.so.1.0
No symbol table info available.
#74 0x00007ff91b03c290 in ?? () from /usr/lib/libc.so.6
No symbol table info available.
#75 0x00007ff91b03c34a in __libc_start_main () from /usr/lib/libc.so.6
No symbol table info available.
#76 0x0000559df5f78045 in _start ()
No symbol table info available.
>>>>>>>>>>>>>>>>>>>>>>>>>>>>>>>>>>>>>>>>>>>>>>>>>>>>>>>>>>>>>>>>>>>


Cython backtrace
----------------
#0  0x00007ff91b0eb040 in wait4 ()
#1  0x0000000000000000 in ?? ()
#2  0x0000000000000000 in ?? ()
#3  0x0000000000000000 in ?? ()
#4  0x0000000000000000 in ?? ()
#5  0x0000000000000000 in GiNaC::function::print(GiNaC::print_context const&, unsigned int) const ()
#6  0x0000000000000000 in GiNaC::mul::print_exvector(std::vector<GiNaC::ex, std::allocator<GiNaC::ex> > const&, GiNaC::print_context const&, char const*) const ()
#7  0x0000000000000000 in GiNaC::mul::do_print_rat_func(GiNaC::print_context const&, unsigned int, bool) const ()
#8  0x0000000000000000 in GiNaC::add::print_add(GiNaC::print_context const&, unsigned int, bool) const ()
#9  0x0000000000000000 in GiNaC::operator<<(std::ostream&, GiNaC::ex const&) ()
#10 0x0000000000000000 in ?? ()
#11 0x0000000000000000 in ?? ()
#12 0x0000000000000000 in ?? ()
#13 0x0000000000000000 in ?? ()
#14 0x0000000000000000 in ?? ()
#15 0x0000000000000000 in ?? ()
#16 0x0000000000000000 in ?? ()
#17 0x00007ff91b364cc0 in PyObject_Repr ()
#18 0x0000000000000000 in ?? ()
#19 0x0000000000000000 in ?? ()
#20 0x0000000000000000 in ?? ()
#21 0x00007ff91b364cc0 in PyObject_Repr ()
#22 0x0000000000000000 in ?? ()
#23 0x00007ff91b36b3f0 in PyObject_Str ()
#24 0x0000000000000000 in ?? ()
#25 0x00007ff91b345190 in _PyEval_EvalFrameDefault ()
#26 0x0000000000000000 in ?? ()
#27 0x00007ff91b356260 in _PyFunction_Vectorcall ()
#28 0x00007ff91b345190 in _PyEval_EvalFrameDefault ()
#29 0x0000000000000000 in ?? ()
#30 0x00007ff91b356260 in _PyFunction_Vectorcall ()
#31 0x00007ff91b345190 in _PyEval_EvalFrameDefault ()
#32 0x0000000000000000 in ?? ()
#33 0x00007ff91b356260 in _PyFunction_Vectorcall ()
#34 0x00007ff91b345190 in _PyEval_EvalFrameDefault ()
#35 0x0000000000000000 in ?? ()
#36 0x00007ff91b356260 in _PyFunction_Vectorcall ()
#37 0x00007ff91b345190 in _PyEval_EvalFrameDefault ()
#38 0x0000000000000000 in ?? ()
#39 0x00007ff91b356260 in _PyFunction_Vectorcall ()
#40 0x00007ff91b345190 in _PyEval_EvalFrameDefault ()
#41 0x0000000000000000 in ?? ()
#42 0x0000000000000000 in ?? ()
#43 0x00007ff91b345190 in _PyEval_EvalFrameDefault ()
#44 0x0000000000000000 in ?? ()
#45 0x00007ff91b356260 in _PyFunction_Vectorcall ()
#46 0x00007ff91b345190 in _PyEval_EvalFrameDefault ()
#47 0x0000000000000000 in ?? ()
#48 0x00007ff91b356260 in _PyFunction_Vectorcall ()
#49 0x0000000000000000 in ?? ()
#50 0x0000000000000000 in ?? ()
#51 0x0000000000000000 in ?? ()
#52 0x00007ff91b34f240 in _PyObject_MakeTpCall ()
#53 0x0000000000000000 in ?? ()
#54 0x0000000000000000 in ?? ()
#55 0x0000000000000000 in ?? ()
#56 0x0000000000000000 in ?? ()
#57 0x0000000000000000 in ?? ()
#58 0x00007ff91b356260 in _PyFunction_Vectorcall ()
#59 0x0000000000000000 in ?? ()
#60 0x00007ff91b345190 in _PyEval_EvalFrameDefault ()
#61 0x00007ff91b356260 in _PyFunction_Vectorcall ()
#62 0x00007ff91b345190 in _PyEval_EvalFrameDefault ()
#63 0x00007ff91b356260 in _PyFunction_Vectorcall ()
#64 0x00007ff91b345190 in _PyEval_EvalFrameDefault ()
#65 0x0000000000000000 in ?? ()
#66 0x00007ff91b3f1b00 in PyEval_EvalCode ()
#67 0x0000000000000000 in ?? ()
#68 0x0000000000000000 in ?? ()
#69 0x0000000000000000 in ?? ()
#70 0x00007ff91b2a125e in _PyRun_SimpleFileObject ()
#71 0x00007ff91b2a1f54 in _PyRun_AnyFileObject ()
#72 0x00007ff91b40e730 in Py_RunMain ()
#73 0x00007ff91b3e3330 in Py_BytesMain ()
#74 0x0000000000000000 in ?? ()
#75 0x00007ff91b03c2c0 in __libc_start_main ()
#76 0x0000559df5f78020 in _start ()

[Inferior 1 (process 8940) detached]
