GNU gdb (GDB) 12.1
Copyright (C) 2022 Free Software Foundation, Inc.
License GPLv3+: GNU GPL version 3 or later <http://gnu.org/licenses/gpl.html>
This is free software: you are free to change and redistribute it.
There is NO WARRANTY, to the extent permitted by law.
Type "show copying" and "show warranty" for details.
This GDB was configured as "x86_64-pc-linux-gnu".
Type "show configuration" for configuration details.
For bug reporting instructions, please see:
<https://www.gnu.org/software/gdb/bugs/>.
Find the GDB manual and other documentation resources online at:
    <http://www.gnu.org/software/gdb/documentation/>.

For help, type "help".
Type "apropos word" to search for commands related to "word".
[New LWP 11411]
[New LWP 11412]
[New LWP 11413]
[New LWP 11414]
[New LWP 11415]
[New LWP 11416]
[New LWP 11417]

This GDB supports auto-downloading debuginfo from the following URLs:
https://debuginfod.archlinux.org 
Enable debuginfod for this session? (y or [n]) [answered N; input not from terminal]
Debuginfod has been disabled.
To make this setting permanent, add 'set debuginfod enabled off' to .gdbinit.
[Thread debugging using libthread_db enabled]
Using host libthread_db library "/usr/lib/libthread_db.so.1".
0x00007f08072eb097 in wait4 () from /usr/lib/libc.so.6

Stack backtrace
---------------
No symbol table info available.
#1  0x00007f080545b157 in ?? ()
   from /usr/lib/python3.10/site-packages/cysignals/signals.cpython-310-x86_64-linux-gnu.so
No symbol table info available.
#2  0x00007f080545b2ea in ?? ()
   from /usr/lib/python3.10/site-packages/cysignals/signals.cpython-310-x86_64-linux-gnu.so
No symbol table info available.
#3  0x00007f080545df1d in ?? ()
   from /usr/lib/python3.10/site-packages/cysignals/signals.cpython-310-x86_64-linux-gnu.so
No symbol table info available.
#4  <signal handler called>
No symbol table info available.
#5  0x00007f07b91a1033 in GiNaC::function::print(GiNaC::print_context const&, unsigned int) const ()
   from /usr/lib/python3.10/site-packages/sage/symbolic/expression.cpython-310-x86_64-linux-gnu.so
No symbol table info available.
#6  0x00007f07b92102f7 in GiNaC::mul::print_exvector(std::vector<GiNaC::ex, std::allocator<GiNaC::ex> > const&, GiNaC::print_context const&, char const*) const
    ()
   from /usr/lib/python3.10/site-packages/sage/symbolic/expression.cpython-310-x86_64-linux-gnu.so
No symbol table info available.
#7  0x00007f07b9216500 in GiNaC::mul::do_print_rat_func(GiNaC::print_context const&, unsigned int, bool) const ()
   from /usr/lib/python3.10/site-packages/sage/symbolic/expression.cpython-310-x86_64-linux-gnu.so
No symbol table info available.
#8  0x00007f07b917815e in GiNaC::add::print_add(GiNaC::print_context const&, unsigned int, bool) const ()
   from /usr/lib/python3.10/site-packages/sage/symbolic/expression.cpython-310-x86_64-linux-gnu.so
No symbol table info available.
#9  0x00007f07b923b393 in GiNaC::operator<<(std::ostream&, GiNaC::ex const&) ()
   from /usr/lib/python3.10/site-packages/sage/symbolic/expression.cpython-310-x86_64-linux-gnu.so
No symbol table info available.
#10 0x00007f07b9172253 in ?? ()
   from /usr/lib/python3.10/site-packages/sage/symbolic/expression.cpython-310-x86_64-linux-gnu.so
No symbol table info available.
#11 0x00007f07b914b461 in ?? ()
   from /usr/lib/python3.10/site-packages/sage/symbolic/expression.cpython-310-x86_64-linux-gnu.so
No symbol table info available.
#12 0x00007f07b940ba13 in ?? ()
   from /usr/lib/python3.10/site-packages/sage/symbolic/ring.cpython-310-x86_64-linux-gnu.so
No symbol table info available.
#13 0x00007f07b916d3de in ?? ()
   from /usr/lib/python3.10/site-packages/sage/symbolic/expression.cpython-310-x86_64-linux-gnu.so
No symbol table info available.
#14 0x00007f07b90c15be in ?? ()
   from /usr/lib/python3.10/site-packages/sage/symbolic/expression.cpython-310-x86_64-linux-gnu.so
No symbol table info available.
#15 0x00007f0804bec057 in ?? ()
   from /usr/lib/python3.10/site-packages/sage/structure/sage_object.cpython-310-x86_64-linux-gnu.so
No symbol table info available.
#16 0x00007f0804be550d in ?? ()
   from /usr/lib/python3.10/site-packages/sage/structure/sage_object.cpython-310-x86_64-linux-gnu.so
No symbol table info available.
#17 0x00007f080759cf7d in ?? () from /usr/lib/libpython3.10.so.1.0
No symbol table info available.
#18 0x00007f080754f3f0 in _PyObject_MakeTpCall ()
   from /usr/lib/libpython3.10.so.1.0
No symbol table info available.
#19 0x00007f080754a2e4 in _PyEval_EvalFrameDefault ()
   from /usr/lib/libpython3.10.so.1.0
No symbol table info available.
#20 0x00007f08075562d9 in _PyFunction_Vectorcall ()
   from /usr/lib/libpython3.10.so.1.0
No symbol table info available.
#21 0x00007f08075454d6 in _PyEval_EvalFrameDefault ()
   from /usr/lib/libpython3.10.so.1.0
No symbol table info available.
#22 0x00007f08075562d9 in _PyFunction_Vectorcall ()
   from /usr/lib/libpython3.10.so.1.0
No symbol table info available.
#23 0x00007f08075454d6 in _PyEval_EvalFrameDefault ()
   from /usr/lib/libpython3.10.so.1.0
No symbol table info available.
#24 0x00007f0807544120 in ?? () from /usr/lib/libpython3.10.so.1.0
No symbol table info available.
#25 0x00007f08075f1b94 in PyEval_EvalCode () from /usr/lib/libpython3.10.so.1.0
No symbol table info available.
#26 0x00007f0807602323 in ?? () from /usr/lib/libpython3.10.so.1.0
No symbol table info available.
#27 0x00007f08075fda8a in ?? () from /usr/lib/libpython3.10.so.1.0
No symbol table info available.
#28 0x00007f08074a1979 in ?? () from /usr/lib/libpython3.10.so.1.0
No symbol table info available.
#29 0x00007f08074a162a in _PyRun_SimpleFileObject ()
   from /usr/lib/libpython3.10.so.1.0
No symbol table info available.
#30 0x00007f08074a1fdd in _PyRun_AnyFileObject ()
   from /usr/lib/libpython3.10.so.1.0
No symbol table info available.
#31 0x00007f080760eb0d in Py_RunMain () from /usr/lib/libpython3.10.so.1.0
No symbol table info available.
#32 0x00007f08075e336b in Py_BytesMain () from /usr/lib/libpython3.10.so.1.0
No symbol table info available.
#33 0x00007f080723c290 in ?? () from /usr/lib/libc.so.6
No symbol table info available.
#34 0x00007f080723c34a in __libc_start_main () from /usr/lib/libc.so.6
No symbol table info available.
#35 0x0000559d153c5045 in _start ()
No symbol table info available.
>>>>>>>>>>>>>>>>>>>>>>>>>>>>>>>>>>>>>>>>>>>>>>>>>>>>>>>>>>>>>>>>>>>


Cython backtrace
----------------
#0  0x00007f08072eb040 in wait4 ()
#1  0x0000000000000000 in ?? ()
#2  0x0000000000000000 in ?? ()
#3  0x0000000000000000 in ?? ()
#4  0x0000000000000000 in ?? ()
#5  0x0000000000000000 in GiNaC::function::print(GiNaC::print_context const&, unsigned int) const ()
#6  0x0000000000000000 in GiNaC::mul::print_exvector(std::vector<GiNaC::ex, std::allocator<GiNaC::ex> > const&, GiNaC::print_context const&, char const*) const ()
#7  0x0000000000000000 in GiNaC::mul::do_print_rat_func(GiNaC::print_context const&, unsigned int, bool) const ()
#8  0x0000000000000000 in GiNaC::add::print_add(GiNaC::print_context const&, unsigned int, bool) const ()
#9  0x0000000000000000 in GiNaC::operator<<(std::ostream&, GiNaC::ex const&) ()
#10 0x0000000000000000 in ?? ()
#11 0x0000000000000000 in ?? ()
#12 0x0000000000000000 in ?? ()
#13 0x0000000000000000 in ?? ()
#14 0x0000000000000000 in ?? ()
#15 0x0000000000000000 in ?? ()
#16 0x0000000000000000 in ?? ()
#17 0x0000000000000000 in ?? ()
#18 0x00007f080754f240 in _PyObject_MakeTpCall ()
#19 0x00007f0807545190 in _PyEval_EvalFrameDefault ()
#20 0x00007f0807556260 in _PyFunction_Vectorcall ()
#21 0x00007f0807545190 in _PyEval_EvalFrameDefault ()
#22 0x00007f0807556260 in _PyFunction_Vectorcall ()
#23 0x00007f0807545190 in _PyEval_EvalFrameDefault ()
#24 0x0000000000000000 in ?? ()
#25 0x00007f08075f1b00 in PyEval_EvalCode ()
#26 0x0000000000000000 in ?? ()
#27 0x0000000000000000 in ?? ()
#28 0x0000000000000000 in ?? ()
#29 0x00007f08074a125e in _PyRun_SimpleFileObject ()
#30 0x00007f08074a1f54 in _PyRun_AnyFileObject ()
#31 0x00007f080760e730 in Py_RunMain ()
#32 0x00007f08075e3330 in Py_BytesMain ()
#33 0x0000000000000000 in ?? ()
#34 0x00007f080723c2c0 in __libc_start_main ()
#35 0x0000559d153c5020 in _start ()

[Inferior 1 (process 11370) detached]
